[2017-09-01 12:25:37] production.ERROR: exception 'PDOException' with message 'SQLSTATE[HY000] [1045] Access denied for user 'forge'@'localhost' (using password: NO)' in D:\wgh\gangerp\vendor\doctrine\dbal\lib\Doctrine\DBAL\Driver\PDOConnection.php:43
Stack trace:
#0 D:\wgh\gangerp\vendor\doctrine\dbal\lib\Doctrine\DBAL\Driver\PDOConnection.php(43): PDO->__construct('mysql:host=loca...', 'forge', '', Array)
#1 D:\wgh\gangerp\vendor\laravel\framework\src\Illuminate\Database\Connectors\Connector.php(116): Doctrine\DBAL\Driver\PDOConnection->__construct('mysql:host=loca...', 'forge', '', Array)
#2 D:\wgh\gangerp\vendor\laravel\framework\src\Illuminate\Database\Connectors\Connector.php(56): Illuminate\Database\Connectors\Connector->createPdoConnection('mysql:host=loca...', 'forge', '', Array)
#3 D:\wgh\gangerp\vendor\laravel\framework\src\Illuminate\Database\Connectors\MySqlConnector.php(24): Illuminate\Database\Connectors\Connector->createConnection('mysql:host=loca...', Array, Array)
#4 D:\wgh\gangerp\vendor\laravel\framework\src\Illuminate\Database\Connectors\ConnectionFactory.php(126): Illuminate\Database\Connectors\MySqlConnector->connect(Array)
#5 [internal function]: Illuminate\Database\Connectors\ConnectionFactory->Illuminate\Database\Connectors\{closure}()
#6 D:\wgh\gangerp\vendor\laravel\framework\src\Illuminate\Database\Connection.php(965): call_user_func(Object(Closure))
#7 D:\wgh\gangerp\vendor\laravel\framework\src\Illuminate\Database\Connection.php(986): Illuminate\Database\Connection->getPdo()
#8 D:\wgh\gangerp\vendor\laravel\framework\src\Illuminate\Database\Connection.php(423): Illuminate\Database\Connection->getReadPdo()
#9 D:\wgh\gangerp\vendor\laravel\framework\src\Illuminate\Database\Connection.php(333): Illuminate\Database\Connection->getPdoForSelect(true)
#10 D:\wgh\gangerp\vendor\laravel\framework\src\Illuminate\Database\Connection.php(763): Illuminate\Database\Connection->Illuminate\Database\{closure}(Object(Illuminate\Database\MySqlConnection), 'select column_n...', Array)
#11 D:\wgh\gangerp\vendor\laravel\framework\src\Illuminate\Database\Connection.php(726): Illuminate\Database\Connection->runQueryCallback('select column_n...', Array, Object(Closure))
#12 D:\wgh\gangerp\vendor\laravel\framework\src\Illuminate\Database\Connection.php(351): Illuminate\Database\Connection->run('select column_n...', Array, Object(Closure))
#13 D:\wgh\gangerp\vendor\laravel\framework\src\Illuminate\Database\Schema\MySqlBuilder.php(38): Illuminate\Database\Connection->select('select column_n...', Array)
#14 D:\wgh\gangerp\vendor\laravel\framework\src\Illuminate\Support\Facades\Facade.php(237): Illuminate\Database\Schema\MySqlBuilder->getColumnListing('settings')
#15 D:\wgh\gangerp\vendor\backpack\settings\src\SettingsServiceProvider.php(29): Illuminate\Support\Facades\Facade::__callStatic('getColumnListin...', Array)
#16 D:\wgh\gangerp\vendor\backpack\settings\src\SettingsServiceProvider.php(29): Illuminate\Support\Facades\Schema::getColumnListing('settings')
#17 [internal function]: Backpack\Settings\SettingsServiceProvider->boot()
#18 D:\wgh\gangerp\vendor\laravel\framework\src\Illuminate\Container\Container.php(508): call_user_func_array(Array, Array)
#19 D:\wgh\gangerp\vendor\laravel\framework\src\Illuminate\Foundation\Application.php(769): Illuminate\Container\Container->call(Array)
#20 D:\wgh\gangerp\vendor\laravel\framework\src\Illuminate\Foundation\Application.php(752): Illuminate\Foundation\Application->bootProvider(Object(Backpack\Settings\SettingsServiceProvider))
#21 [internal function]: Illuminate\Foundation\Application->Illuminate\Foundation\{closure}(Object(Backpack\Settings\SettingsServiceProvider), 26)
#22 D:\wgh\gangerp\vendor\laravel\framework\src\Illuminate\Foundation\Application.php(753): array_walk(Array, Object(Closure))
#23 D:\wgh\gangerp\vendor\laravel\framework\src\Illuminate\Foundation\Bootstrap\BootProviders.php(17): Illuminate\Foundation\Application->boot()
#24 D:\wgh\gangerp\vendor\laravel\framework\src\Illuminate\Foundation\Application.php(203): Illuminate\Foundation\Bootstrap\BootProviders->bootstrap(Object(Illuminate\Foundation\Application))
#25 D:\wgh\gangerp\vendor\laravel\framework\src\Illuminate\Foundation\Http\Kernel.php(254): Illuminate\Foundation\Application->bootstrapWith(Array)
#26 D:\wgh\gangerp\vendor\laravel\framework\src\Illuminate\Foundation\Http\Kernel.php(145): Illuminate\Foundation\Http\Kernel->bootstrap()
#27 D:\wgh\gangerp\vendor\laravel\framework\src\Illuminate\Foundation\Http\Kernel.php(117): Illuminate\Foundation\Http\Kernel->sendRequestThroughRouter(Object(Illuminate\Http\Request))
#28 D:\wgh\gangerp\public\index.php(54): Illuminate\Foundation\Http\Kernel->handle(Object(Illuminate\Http\Request))
#29 {main}

Next exception 'Doctrine\DBAL\Driver\PDOException' with message 'SQLSTATE[HY000] [1045] Access denied for user 'forge'@'localhost' (using password: NO)' in D:\wgh\gangerp\vendor\doctrine\dbal\lib\Doctrine\DBAL\Driver\PDOConnection.php:47
Stack trace:
#0 D:\wgh\gangerp\vendor\laravel\framework\src\Illuminate\Database\Connectors\Connector.php(116): Doctrine\DBAL\Driver\PDOConnection::__construct('mysql:host=loca...', 'forge', '', Array)
#1 D:\wgh\gangerp\vendor\laravel\framework\src\Illuminate\Database\Connectors\Connector.php(56): Illuminate\Database\Connectors\Connector->createPdoConnection('mysql:host=loca...', 'forge', '', Array)
#2 D:\wgh\gangerp\vendor\laravel\framework\src\Illuminate\Database\Connectors\MySqlConnector.php(24): Illuminate\Database\Connectors\Connector->createConnection('mysql:host=loca...', Array, Array)
#3 D:\wgh\gangerp\vendor\laravel\framework\src\Illuminate\Database\Connectors\ConnectionFactory.php(126): Illuminate\Database\Connectors\MySqlConnector->connect(Array)
#4 [internal function]: Illuminate\Database\Connectors\ConnectionFactory->Illuminate\Database\Connectors\{closure}()
#5 D:\wgh\gangerp\vendor\laravel\framework\src\Illuminate\Database\Connection.php(965): call_user_func(Object(Closure))
#6 D:\wgh\gangerp\vendor\laravel\framework\src\Illuminate\Database\Connection.php(986): Illuminate\Database\Connection->getPdo()
#7 D:\wgh\gangerp\vendor\laravel\framework\src\Illuminate\Database\Connection.php(423): Illuminate\Database\Connection->getReadPdo()
#8 D:\wgh\gangerp\vendor\laravel\framework\src\Illuminate\Database\Connection.php(333): Illuminate\Database\Connection->getPdoForSelect(true)
#9 D:\wgh\gangerp\vendor\laravel\framework\src\Illuminate\Database\Connection.php(763): Illuminate\Database\Connection->Illuminate\Database\{closure}(Object(Illuminate\Database\MySqlConnection), 'select column_n...', Array)
#10 D:\wgh\gangerp\vendor\laravel\framework\src\Illuminate\Database\Connection.php(726): Illuminate\Database\Connection->runQueryCallback('select column_n...', Array, Object(Closure))
#11 D:\wgh\gangerp\vendor\laravel\framework\src\Illuminate\Database\Connection.php(351): Illuminate\Database\Connection->run('select column_n...', Array, Object(Closure))
#12 D:\wgh\gangerp\vendor\laravel\framework\src\Illuminate\Database\Schema\MySqlBuilder.php(38): Illuminate\Database\Connection->select('select column_n...', Array)
#13 D:\wgh\gangerp\vendor\laravel\framework\src\Illuminate\Support\Facades\Facade.php(237): Illuminate\Database\Schema\MySqlBuilder->getColumnListing('settings')
#14 D:\wgh\gangerp\vendor\backpack\settings\src\SettingsServiceProvider.php(29): Illuminate\Support\Facades\Facade::__callStatic('getColumnListin...', Array)
#15 D:\wgh\gangerp\vendor\backpack\settings\src\SettingsServiceProvider.php(29): Illuminate\Support\Facades\Schema::getColumnListing('settings')
#16 [internal function]: Backpack\Settings\SettingsServiceProvider->boot()
#17 D:\wgh\gangerp\vendor\laravel\framework\src\Illuminate\Container\Container.php(508): call_user_func_array(Array, Array)
#18 D:\wgh\gangerp\vendor\laravel\framework\src\Illuminate\Foundation\Application.php(769): Illuminate\Container\Container->call(Array)
#19 D:\wgh\gangerp\vendor\laravel\framework\src\Illuminate\Foundation\Application.php(752): Illuminate\Foundation\Application->bootProvider(Object(Backpack\Settings\SettingsServiceProvider))
#20 [internal function]: Illuminate\Foundation\Application->Illuminate\Foundation\{closure}(Object(Backpack\Settings\SettingsServiceProvider), 26)
#21 D:\wgh\gangerp\vendor\laravel\framework\src\Illuminate\Foundation\Application.php(753): array_walk(Array, Object(Closure))
#22 D:\wgh\gangerp\vendor\laravel\framework\src\Illuminate\Foundation\Bootstrap\BootProviders.php(17): Illuminate\Foundation\Application->boot()
#23 D:\wgh\gangerp\vendor\laravel\framework\src\Illuminate\Foundation\Application.php(203): Illuminate\Foundation\Bootstrap\BootProviders->bootstrap(Object(Illuminate\Foundation\Application))
#24 D:\wgh\gangerp\vendor\laravel\framework\src\Illuminate\Foundation\Http\Kernel.php(254): Illuminate\Foundation\Application->bootstrapWith(Array)
#25 D:\wgh\gangerp\vendor\laravel\framework\src\Illuminate\Foundation\Http\Kernel.php(145): Illuminate\Foundation\Http\Kernel->bootstrap()
#26 D:\wgh\gangerp\vendor\laravel\framework\src\Illuminate\Foundation\Http\Kernel.php(117): Illuminate\Foundation\Http\Kernel->sendRequestThroughRouter(Object(Illuminate\Http\Request))
#27 D:\wgh\gangerp\public\index.php(54): Illuminate\Foundation\Http\Kernel->handle(Object(Illuminate\Http\Request))
#28 {main}  
[2017-09-01 12:25:37] production.ERROR: exception 'PDOException' with message 'SQLSTATE[HY000] [1045] Access denied for user 'forge'@'localhost' (using password: NO)' in D:\wgh\gangerp\vendor\doctrine\dbal\lib\Doctrine\DBAL\Driver\PDOConnection.php:43
Stack trace:
#0 D:\wgh\gangerp\vendor\doctrine\dbal\lib\Doctrine\DBAL\Driver\PDOConnection.php(43): PDO->__construct('mysql:host=loca...', 'forge', '', Array)
#1 D:\wgh\gangerp\vendor\laravel\framework\src\Illuminate\Database\Connectors\Connector.php(116): Doctrine\DBAL\Driver\PDOConnection->__construct('mysql:host=loca...', 'forge', '', Array)
#2 D:\wgh\gangerp\vendor\laravel\framework\src\Illuminate\Database\Connectors\Connector.php(56): Illuminate\Database\Connectors\Connector->createPdoConnection('mysql:host=loca...', 'forge', '', Array)
#3 D:\wgh\gangerp\vendor\laravel\framework\src\Illuminate\Database\Connectors\MySqlConnector.php(24): Illuminate\Database\Connectors\Connector->createConnection('mysql:host=loca...', Array, Array)
#4 D:\wgh\gangerp\vendor\laravel\framework\src\Illuminate\Database\Connectors\ConnectionFactory.php(126): Illuminate\Database\Connectors\MySqlConnector->connect(Array)
#5 [internal function]: Illuminate\Database\Connectors\ConnectionFactory->Illuminate\Database\Connectors\{closure}()
#6 D:\wgh\gangerp\vendor\laravel\framework\src\Illuminate\Database\Connection.php(965): call_user_func(Object(Closure))
#7 D:\wgh\gangerp\vendor\laravel\framework\src\Illuminate\Database\Connection.php(986): Illuminate\Database\Connection->getPdo()
#8 D:\wgh\gangerp\vendor\laravel\framework\src\Illuminate\Database\Connection.php(423): Illuminate\Database\Connection->getReadPdo()
#9 D:\wgh\gangerp\vendor\laravel\framework\src\Illuminate\Database\Connection.php(333): Illuminate\Database\Connection->getPdoForSelect(true)
#10 D:\wgh\gangerp\vendor\laravel\framework\src\Illuminate\Database\Connection.php(763): Illuminate\Database\Connection->Illuminate\Database\{closure}(Object(Illuminate\Database\MySqlConnection), 'select column_n...', Array)
#11 D:\wgh\gangerp\vendor\laravel\framework\src\Illuminate\Database\Connection.php(726): Illuminate\Database\Connection->runQueryCallback('select column_n...', Array, Object(Closure))
#12 D:\wgh\gangerp\vendor\laravel\framework\src\Illuminate\Database\Connection.php(351): Illuminate\Database\Connection->run('select column_n...', Array, Object(Closure))
#13 D:\wgh\gangerp\vendor\laravel\framework\src\Illuminate\Database\Schema\MySqlBuilder.php(38): Illuminate\Database\Connection->select('select column_n...', Array)
#14 D:\wgh\gangerp\vendor\laravel\framework\src\Illuminate\Support\Facades\Facade.php(237): Illuminate\Database\Schema\MySqlBuilder->getColumnListing('settings')
#15 D:\wgh\gangerp\vendor\backpack\settings\src\SettingsServiceProvider.php(29): Illuminate\Support\Facades\Facade::__callStatic('getColumnListin...', Array)
#16 D:\wgh\gangerp\vendor\backpack\settings\src\SettingsServiceProvider.php(29): Illuminate\Support\Facades\Schema::getColumnListing('settings')
#17 [internal function]: Backpack\Settings\SettingsServiceProvider->boot()
#18 D:\wgh\gangerp\vendor\laravel\framework\src\Illuminate\Container\Container.php(508): call_user_func_array(Array, Array)
#19 D:\wgh\gangerp\vendor\laravel\framework\src\Illuminate\Foundation\Application.php(769): Illuminate\Container\Container->call(Array)
#20 D:\wgh\gangerp\vendor\laravel\framework\src\Illuminate\Foundation\Application.php(752): Illuminate\Foundation\Application->bootProvider(Object(Backpack\Settings\SettingsServiceProvider))
#21 [internal function]: Illuminate\Foundation\Application->Illuminate\Foundation\{closure}(Object(Backpack\Settings\SettingsServiceProvider), 26)
#22 D:\wgh\gangerp\vendor\laravel\framework\src\Illuminate\Foundation\Application.php(753): array_walk(Array, Object(Closure))
#23 D:\wgh\gangerp\vendor\laravel\framework\src\Illuminate\Foundation\Bootstrap\BootProviders.php(17): Illuminate\Foundation\Application->boot()
#24 D:\wgh\gangerp\vendor\laravel\framework\src\Illuminate\Foundation\Application.php(203): Illuminate\Foundation\Bootstrap\BootProviders->bootstrap(Object(Illuminate\Foundation\Application))
#25 D:\wgh\gangerp\vendor\laravel\framework\src\Illuminate\Foundation\Http\Kernel.php(254): Illuminate\Foundation\Application->bootstrapWith(Array)
#26 D:\wgh\gangerp\vendor\laravel\framework\src\Illuminate\Foundation\Http\Kernel.php(145): Illuminate\Foundation\Http\Kernel->bootstrap()
#27 D:\wgh\gangerp\vendor\laravel\framework\src\Illuminate\Foundation\Http\Kernel.php(117): Illuminate\Foundation\Http\Kernel->sendRequestThroughRouter(Object(Illuminate\Http\Request))
#28 D:\wgh\gangerp\public\index.php(54): Illuminate\Foundation\Http\Kernel->handle(Object(Illuminate\Http\Request))
#29 {main}

Next exception 'Doctrine\DBAL\Driver\PDOException' with message 'SQLSTATE[HY000] [1045] Access denied for user 'forge'@'localhost' (using password: NO)' in D:\wgh\gangerp\vendor\doctrine\dbal\lib\Doctrine\DBAL\Driver\PDOConnection.php:47
Stack trace:
#0 D:\wgh\gangerp\vendor\laravel\framework\src\Illuminate\Database\Connectors\Connector.php(116): Doctrine\DBAL\Driver\PDOConnection::__construct('mysql:host=loca...', 'forge', '', Array)
#1 D:\wgh\gangerp\vendor\laravel\framework\src\Illuminate\Database\Connectors\Connector.php(56): Illuminate\Database\Connectors\Connector->createPdoConnection('mysql:host=loca...', 'forge', '', Array)
#2 D:\wgh\gangerp\vendor\laravel\framework\src\Illuminate\Database\Connectors\MySqlConnector.php(24): Illuminate\Database\Connectors\Connector->createConnection('mysql:host=loca...', Array, Array)
#3 D:\wgh\gangerp\vendor\laravel\framework\src\Illuminate\Database\Connectors\ConnectionFactory.php(126): Illuminate\Database\Connectors\MySqlConnector->connect(Array)
#4 [internal function]: Illuminate\Database\Connectors\ConnectionFactory->Illuminate\Database\Connectors\{closure}()
#5 D:\wgh\gangerp\vendor\laravel\framework\src\Illuminate\Database\Connection.php(965): call_user_func(Object(Closure))
#6 D:\wgh\gangerp\vendor\laravel\framework\src\Illuminate\Database\Connection.php(986): Illuminate\Database\Connection->getPdo()
#7 D:\wgh\gangerp\vendor\laravel\framework\src\Illuminate\Database\Connection.php(423): Illuminate\Database\Connection->getReadPdo()
#8 D:\wgh\gangerp\vendor\laravel\framework\src\Illuminate\Database\Connection.php(333): Illuminate\Database\Connection->getPdoForSelect(true)
#9 D:\wgh\gangerp\vendor\laravel\framework\src\Illuminate\Database\Connection.php(763): Illuminate\Database\Connection->Illuminate\Database\{closure}(Object(Illuminate\Database\MySqlConnection), 'select column_n...', Array)
#10 D:\wgh\gangerp\vendor\laravel\framework\src\Illuminate\Database\Connection.php(726): Illuminate\Database\Connection->runQueryCallback('select column_n...', Array, Object(Closure))
#11 D:\wgh\gangerp\vendor\laravel\framework\src\Illuminate\Database\Connection.php(351): Illuminate\Database\Connection->run('select column_n...', Array, Object(Closure))
#12 D:\wgh\gangerp\vendor\laravel\framework\src\Illuminate\Database\Schema\MySqlBuilder.php(38): Illuminate\Database\Connection->select('select column_n...', Array)
#13 D:\wgh\gangerp\vendor\laravel\framework\src\Illuminate\Support\Facades\Facade.php(237): Illuminate\Database\Schema\MySqlBuilder->getColumnListing('settings')
#14 D:\wgh\gangerp\vendor\backpack\settings\src\SettingsServiceProvider.php(29): Illuminate\Support\Facades\Facade::__callStatic('getColumnListin...', Array)
#15 D:\wgh\gangerp\vendor\backpack\settings\src\SettingsServiceProvider.php(29): Illuminate\Support\Facades\Schema::getColumnListing('settings')
#16 [internal function]: Backpack\Settings\SettingsServiceProvider->boot()
#17 D:\wgh\gangerp\vendor\laravel\framework\src\Illuminate\Container\Container.php(508): call_user_func_array(Array, Array)
#18 D:\wgh\gangerp\vendor\laravel\framework\src\Illuminate\Foundation\Application.php(769): Illuminate\Container\Container->call(Array)
#19 D:\wgh\gangerp\vendor\laravel\framework\src\Illuminate\Foundation\Application.php(752): Illuminate\Foundation\Application->bootProvider(Object(Backpack\Settings\SettingsServiceProvider))
#20 [internal function]: Illuminate\Foundation\Application->Illuminate\Foundation\{closure}(Object(Backpack\Settings\SettingsServiceProvider), 26)
#21 D:\wgh\gangerp\vendor\laravel\framework\src\Illuminate\Foundation\Application.php(753): array_walk(Array, Object(Closure))
#22 D:\wgh\gangerp\vendor\laravel\framework\src\Illuminate\Foundation\Bootstrap\BootProviders.php(17): Illuminate\Foundation\Application->boot()
#23 D:\wgh\gangerp\vendor\laravel\framework\src\Illuminate\Foundation\Application.php(203): Illuminate\Foundation\Bootstrap\BootProviders->bootstrap(Object(Illuminate\Foundation\Application))
#24 D:\wgh\gangerp\vendor\laravel\framework\src\Illuminate\Foundation\Http\Kernel.php(254): Illuminate\Foundation\Application->bootstrapWith(Array)
#25 D:\wgh\gangerp\vendor\laravel\framework\src\Illuminate\Foundation\Http\Kernel.php(145): Illuminate\Foundation\Http\Kernel->bootstrap()
#26 D:\wgh\gangerp\vendor\laravel\framework\src\Illuminate\Foundation\Http\Kernel.php(117): Illuminate\Foundation\Http\Kernel->sendRequestThroughRouter(Object(Illuminate\Http\Request))
#27 D:\wgh\gangerp\public\index.php(54): Illuminate\Foundation\Http\Kernel->handle(Object(Illuminate\Http\Request))
#28 {main}

Next exception 'Illuminate\Database\QueryException' with message 'SQLSTATE[HY000] [1045] Access denied for user 'forge'@'localhost' (using password: NO) (SQL: select column_name from information_schema.columns where table_schema = forge and table_name = settings)' in D:\wgh\gangerp\vendor\laravel\framework\src\Illuminate\Database\Connection.php:770
Stack trace:
#0 D:\wgh\gangerp\vendor\laravel\framework\src\Illuminate\Database\Connection.php(726): Illuminate\Database\Connection->runQueryCallback('select column_n...', Array, Object(Closure))
#1 D:\wgh\gangerp\vendor\laravel\framework\src\Illuminate\Database\Connection.php(351): Illuminate\Database\Connection->run('select column_n...', Array, Object(Closure))
#2 D:\wgh\gangerp\vendor\laravel\framework\src\Illuminate\Database\Schema\MySqlBuilder.php(38): Illuminate\Database\Connection->select('select column_n...', Array)
#3 D:\wgh\gangerp\vendor\laravel\framework\src\Illuminate\Support\Facades\Facade.php(237): Illuminate\Database\Schema\MySqlBuilder->getColumnListing('settings')
#4 D:\wgh\gangerp\vendor\backpack\settings\src\SettingsServiceProvider.php(29): Illuminate\Support\Facades\Facade::__callStatic('getColumnListin...', Array)
#5 D:\wgh\gangerp\vendor\backpack\settings\src\SettingsServiceProvider.php(29): Illuminate\Support\Facades\Schema::getColumnListing('settings')
#6 [internal function]: Backpack\Settings\SettingsServiceProvider->boot()
#7 D:\wgh\gangerp\vendor\laravel\framework\src\Illuminate\Container\Container.php(508): call_user_func_array(Array, Array)
#8 D:\wgh\gangerp\vendor\laravel\framework\src\Illuminate\Foundation\Application.php(769): Illuminate\Container\Container->call(Array)
#9 D:\wgh\gangerp\vendor\laravel\framework\src\Illuminate\Foundation\Application.php(752): Illuminate\Foundation\Application->bootProvider(Object(Backpack\Settings\SettingsServiceProvider))
#10 [internal function]: Illuminate\Foundation\Application->Illuminate\Foundation\{closure}(Object(Backpack\Settings\SettingsServiceProvider), 26)
#11 D:\wgh\gangerp\vendor\laravel\framework\src\Illuminate\Foundation\Application.php(753): array_walk(Array, Object(Closure))
#12 D:\wgh\gangerp\vendor\laravel\framework\src\Illuminate\Foundation\Bootstrap\BootProviders.php(17): Illuminate\Foundation\Application->boot()
#13 D:\wgh\gangerp\vendor\laravel\framework\src\Illuminate\Foundation\Application.php(203): Illuminate\Foundation\Bootstrap\BootProviders->bootstrap(Object(Illuminate\Foundation\Application))
#14 D:\wgh\gangerp\vendor\laravel\framework\src\Illuminate\Foundation\Http\Kernel.php(254): Illuminate\Foundation\Application->bootstrapWith(Array)
#15 D:\wgh\gangerp\vendor\laravel\framework\src\Illuminate\Foundation\Http\Kernel.php(145): Illuminate\Foundation\Http\Kernel->bootstrap()
#16 D:\wgh\gangerp\vendor\laravel\framework\src\Illuminate\Foundation\Http\Kernel.php(117): Illuminate\Foundation\Http\Kernel->sendRequestThroughRouter(Object(Illuminate\Http\Request))
#17 D:\wgh\gangerp\public\index.php(54): Illuminate\Foundation\Http\Kernel->handle(Object(Illuminate\Http\Request))
#18 {main}  
[2017-09-01 15:03:23] local.ERROR: exception 'PDOException' with message 'SQLSTATE[23000]: Integrity constraint violation: 1062 Duplicate entry '' for key 'mobile'' in D:\wgh\gangerp\vendor\doctrine\dbal\lib\Doctrine\DBAL\Driver\PDOStatement.php:91
Stack trace:
#0 D:\wgh\gangerp\vendor\doctrine\dbal\lib\Doctrine\DBAL\Driver\PDOStatement.php(91): PDOStatement->execute(NULL)
#1 D:\wgh\gangerp\vendor\laravel\framework\src\Illuminate\Database\Connection.php(480): Doctrine\DBAL\Driver\PDOStatement->execute()
#2 D:\wgh\gangerp\vendor\laravel\framework\src\Illuminate\Database\Connection.php(763): Illuminate\Database\Connection->Illuminate\Database\{closure}(Object(Illuminate\Database\MySqlConnection), 'insert into `us...', Array)
#3 D:\wgh\gangerp\vendor\laravel\framework\src\Illuminate\Database\Connection.php(726): Illuminate\Database\Connection->runQueryCallback('insert into `us...', Array, Object(Closure))
#4 D:\wgh\gangerp\vendor\laravel\framework\src\Illuminate\Database\Connection.php(481): Illuminate\Database\Connection->run('insert into `us...', Array, Object(Closure))
#5 D:\wgh\gangerp\vendor\laravel\framework\src\Illuminate\Database\Connection.php(435): Illuminate\Database\Connection->statement('insert into `us...', Array)
#6 D:\wgh\gangerp\vendor\laravel\framework\src\Illuminate\Database\Query\Processors\Processor.php(32): Illuminate\Database\Connection->insert('insert into `us...', Array)
#7 D:\wgh\gangerp\vendor\laravel\framework\src\Illuminate\Database\Query\Builder.php(2154): Illuminate\Database\Query\Processors\Processor->processInsertGetId(Object(Illuminate\Database\Query\Builder), 'insert into `us...', Array, 'id')
#8 D:\wgh\gangerp\vendor\laravel\framework\src\Illuminate\Database\Eloquent\Builder.php(1470): Illuminate\Database\Query\Builder->insertGetId(Array, 'id')
#9 D:\wgh\gangerp\vendor\laravel\framework\src\Illuminate\Database\Eloquent\Model.php(1609): Illuminate\Database\Eloquent\Builder->__call('insertGetId', Array)
#10 D:\wgh\gangerp\vendor\laravel\framework\src\Illuminate\Database\Eloquent\Model.php(1609): Illuminate\Database\Eloquent\Builder->insertGetId(Array, 'id')
#11 D:\wgh\gangerp\vendor\laravel\framework\src\Illuminate\Database\Eloquent\Model.php(1574): Illuminate\Database\Eloquent\Model->insertAndSetId(Object(Illuminate\Database\Eloquent\Builder), Array)
#12 D:\wgh\gangerp\vendor\laravel\framework\src\Illuminate\Database\Eloquent\Model.php(1471): Illuminate\Database\Eloquent\Model->performInsert(Object(Illuminate\Database\Eloquent\Builder))
#13 D:\wgh\gangerp\app\Http\Controllers\centerController.php(62): Illuminate\Database\Eloquent\Model->save()
#14 D:\wgh\gangerp\vendor\laravel\framework\src\Illuminate\Database\Connection.php(570): App\Http\Controllers\centerController->App\Http\Controllers\{closure}(Object(Illuminate\Database\MySqlConnection))
#15 D:\wgh\gangerp\vendor\laravel\framework\src\Illuminate\Database\DatabaseManager.php(317): Illuminate\Database\Connection->transaction(Object(Closure))
#16 D:\wgh\gangerp\vendor\laravel\framework\src\Illuminate\Support\Facades\Facade.php(237): Illuminate\Database\DatabaseManager->__call('transaction', Array)
#17 D:\wgh\gangerp\vendor\laravel\framework\src\Illuminate\Support\Facades\Facade.php(237): Illuminate\Database\DatabaseManager->transaction(Object(Closure))
#18 D:\wgh\gangerp\app\Http\Controllers\centerController.php(68): Illuminate\Support\Facades\Facade::__callStatic('transaction', Array)
#19 D:\wgh\gangerp\app\Http\Controllers\centerController.php(68): Illuminate\Support\Facades\DB::transaction(Object(Closure))
#20 [internal function]: App\Http\Controllers\centerController->create(Object(Illuminate\Http\Request))
#21 D:\wgh\gangerp\vendor\laravel\framework\src\Illuminate\Routing\Controller.php(55): call_user_func_array(Array, Array)
#22 D:\wgh\gangerp\vendor\laravel\framework\src\Illuminate\Routing\ControllerDispatcher.php(44): Illuminate\Routing\Controller->callAction('create', Array)
#23 D:\wgh\gangerp\vendor\laravel\framework\src\Illuminate\Routing\Route.php(190): Illuminate\Routing\ControllerDispatcher->dispatch(Object(Illuminate\Routing\Route), Object(App\Http\Controllers\centerController), 'create')
#24 D:\wgh\gangerp\vendor\laravel\framework\src\Illuminate\Routing\Route.php(144): Illuminate\Routing\Route->runController()
#25 D:\wgh\gangerp\vendor\laravel\framework\src\Illuminate\Routing\Router.php(653): Illuminate\Routing\Route->run(Object(Illuminate\Http\Request))
#26 D:\wgh\gangerp\vendor\laravel\framework\src\Illuminate\Routing\Pipeline.php(53): Illuminate\Routing\Router->Illuminate\Routing\{closure}(Object(Illuminate\Http\Request))
#27 D:\wgh\gangerp\app\Http\Middleware\CheckLogin.php(22): Illuminate\Routing\Pipeline->Illuminate\Routing\{closure}(Object(Illuminate\Http\Request))
#28 D:\wgh\gangerp\vendor\laravel\framework\src\Illuminate\Pipeline\Pipeline.php(137): App\Http\Middleware\CheckLogin->handle(Object(Illuminate\Http\Request), Object(Closure))
#29 D:\wgh\gangerp\vendor\laravel\framework\src\Illuminate\Routing\Pipeline.php(33): Illuminate\Pipeline\Pipeline->Illuminate\Pipeline\{closure}(Object(Illuminate\Http\Request))
#30 D:\wgh\gangerp\vendor\laravel\framework\src\Illuminate\View\Middleware\ShareErrorsFromSession.php(49): Illuminate\Routing\Pipeline->Illuminate\Routing\{closure}(Object(Illuminate\Http\Request))
#31 D:\wgh\gangerp\vendor\laravel\framework\src\Illuminate\Pipeline\Pipeline.php(137): Illuminate\View\Middleware\ShareErrorsFromSession->handle(Object(Illuminate\Http\Request), Object(Closure))
#32 D:\wgh\gangerp\vendor\laravel\framework\src\Illuminate\Routing\Pipeline.php(33): Illuminate\Pipeline\Pipeline->Illuminate\Pipeline\{closure}(Object(Illuminate\Http\Request))
#33 D:\wgh\gangerp\vendor\laravel\framework\src\Illuminate\Session\Middleware\StartSession.php(64): Illuminate\Routing\Pipeline->Illuminate\Routing\{closure}(Object(Illuminate\Http\Request))
#34 D:\wgh\gangerp\vendor\laravel\framework\src\Illuminate\Pipeline\Pipeline.php(137): Illuminate\Session\Middleware\StartSession->handle(Object(Illuminate\Http\Request), Object(Closure))
#35 D:\wgh\gangerp\vendor\laravel\framework\src\Illuminate\Routing\Pipeline.php(33): Illuminate\Pipeline\Pipeline->Illuminate\Pipeline\{closure}(Object(Illuminate\Http\Request))
#36 D:\wgh\gangerp\vendor\laravel\framework\src\Illuminate\Cookie\Middleware\AddQueuedCookiesToResponse.php(37): Illuminate\Routing\Pipeline->Illuminate\Routing\{closure}(Object(Illuminate\Http\Request))
#37 D:\wgh\gangerp\vendor\laravel\framework\src\Illuminate\Pipeline\Pipeline.php(137): Illuminate\Cookie\Middleware\AddQueuedCookiesToResponse->handle(Object(Illuminate\Http\Request), Object(Closure))
#38 D:\wgh\gangerp\vendor\laravel\framework\src\Illuminate\Routing\Pipeline.php(33): Illuminate\Pipeline\Pipeline->Illuminate\Pipeline\{closure}(Object(Illuminate\Http\Request))
#39 D:\wgh\gangerp\vendor\laravel\framework\src\Illuminate\Cookie\Middleware\EncryptCookies.php(59): Illuminate\Routing\Pipeline->Illuminate\Routing\{closure}(Object(Illuminate\Http\Request))
#40 D:\wgh\gangerp\vendor\laravel\framework\src\Illuminate\Pipeline\Pipeline.php(137): Illuminate\Cookie\Middleware\EncryptCookies->handle(Object(Illuminate\Http\Request), Object(Closure))
#41 D:\wgh\gangerp\vendor\laravel\framework\src\Illuminate\Routing\Pipeline.php(33): Illuminate\Pipeline\Pipeline->Illuminate\Pipeline\{closure}(Object(Illuminate\Http\Request))
#42 D:\wgh\gangerp\vendor\laravel\framework\src\Illuminate\Pipeline\Pipeline.php(104): Illuminate\Routing\Pipeline->Illuminate\Routing\{closure}(Object(Illuminate\Http\Request))
#43 D:\wgh\gangerp\vendor\laravel\framework\src\Illuminate\Routing\Router.php(655): Illuminate\Pipeline\Pipeline->then(Object(Closure))
#44 D:\wgh\gangerp\vendor\laravel\framework\src\Illuminate\Routing\Router.php(629): Illuminate\Routing\Router->runRouteWithinStack(Object(Illuminate\Routing\Route), Object(Illuminate\Http\Request))
#45 D:\wgh\gangerp\vendor\laravel\framework\src\Illuminate\Routing\Router.php(607): Illuminate\Routing\Router->dispatchToRoute(Object(Illuminate\Http\Request))
#46 D:\wgh\gangerp\vendor\laravel\framework\src\Illuminate\Foundation\Http\Kernel.php(268): Illuminate\Routing\Router->dispatch(Object(Illuminate\Http\Request))
#47 D:\wgh\gangerp\vendor\laravel\framework\src\Illuminate\Routing\Pipeline.php(53): Illuminate\Foundation\Http\Kernel->Illuminate\Foundation\Http\{closure}(Object(Illuminate\Http\Request))
#48 D:\wgh\gangerp\vendor\laravel\framework\src\Illuminate\Foundation\Http\Middleware\CheckForMaintenanceMode.php(46): Illuminate\Routing\Pipeline->Illuminate\Routing\{closure}(Object(Illuminate\Http\Request))
#49 D:\wgh\gangerp\vendor\laravel\framework\src\Illuminate\Pipeline\Pipeline.php(137): Illuminate\Foundation\Http\Middleware\CheckForMaintenanceMode->handle(Object(Illuminate\Http\Request), Object(Closure))
#50 D:\wgh\gangerp\vendor\laravel\framework\src\Illuminate\Routing\Pipeline.php(33): Illuminate\Pipeline\Pipeline->Illuminate\Pipeline\{closure}(Object(Illuminate\Http\Request))
#51 D:\wgh\gangerp\vendor\dingo\api\src\Http\Middleware\Request.php(111): Illuminate\Routing\Pipeline->Illuminate\Routing\{closure}(Object(Illuminate\Http\Request))
#52 D:\wgh\gangerp\vendor\laravel\framework\src\Illuminate\Pipeline\Pipeline.php(137): Dingo\Api\Http\Middleware\Request->handle(Object(Illuminate\Http\Request), Object(Closure))
#53 D:\wgh\gangerp\vendor\laravel\framework\src\Illuminate\Routing\Pipeline.php(33): Illuminate\Pipeline\Pipeline->Illuminate\Pipeline\{closure}(Object(Illuminate\Http\Request))
#54 D:\wgh\gangerp\vendor\laravel\framework\src\Illuminate\Pipeline\Pipeline.php(104): Illuminate\Routing\Pipeline->Illuminate\Routing\{closure}(Object(Illuminate\Http\Request))
#55 D:\wgh\gangerp\vendor\laravel\framework\src\Illuminate\Foundation\Http\Kernel.php(150): Illuminate\Pipeline\Pipeline->then(Object(Closure))
#56 D:\wgh\gangerp\vendor\laravel\framework\src\Illuminate\Foundation\Http\Kernel.php(117): Illuminate\Foundation\Http\Kernel->sendRequestThroughRouter(Object(Illuminate\Http\Request))
#57 D:\wgh\gangerp\public\index.php(54): Illuminate\Foundation\Http\Kernel->handle(Object(Illuminate\Http\Request))
#58 {main}

Next exception 'Doctrine\DBAL\Driver\PDOException' with message 'SQLSTATE[23000]: Integrity constraint violation: 1062 Duplicate entry '' for key 'mobile'' in D:\wgh\gangerp\vendor\doctrine\dbal\lib\Doctrine\DBAL\Driver\PDOStatement.php:93
Stack trace:
#0 D:\wgh\gangerp\vendor\laravel\framework\src\Illuminate\Database\Connection.php(480): Doctrine\DBAL\Driver\PDOStatement->execute()
#1 D:\wgh\gangerp\vendor\laravel\framework\src\Illuminate\Database\Connection.php(763): Illuminate\Database\Connection->Illuminate\Database\{closure}(Object(Illuminate\Database\MySqlConnection), 'insert into `us...', Array)
#2 D:\wgh\gangerp\vendor\laravel\framework\src\Illuminate\Database\Connection.php(726): Illuminate\Database\Connection->runQueryCallback('insert into `us...', Array, Object(Closure))
#3 D:\wgh\gangerp\vendor\laravel\framework\src\Illuminate\Database\Connection.php(481): Illuminate\Database\Connection->run('insert into `us...', Array, Object(Closure))
#4 D:\wgh\gangerp\vendor\laravel\framework\src\Illuminate\Database\Connection.php(435): Illuminate\Database\Connection->statement('insert into `us...', Array)
#5 D:\wgh\gangerp\vendor\laravel\framework\src\Illuminate\Database\Query\Processors\Processor.php(32): Illuminate\Database\Connection->insert('insert into `us...', Array)
#6 D:\wgh\gangerp\vendor\laravel\framework\src\Illuminate\Database\Query\Builder.php(2154): Illuminate\Database\Query\Processors\Processor->processInsertGetId(Object(Illuminate\Database\Query\Builder), 'insert into `us...', Array, 'id')
#7 D:\wgh\gangerp\vendor\laravel\framework\src\Illuminate\Database\Eloquent\Builder.php(1470): Illuminate\Database\Query\Builder->insertGetId(Array, 'id')
#8 D:\wgh\gangerp\vendor\laravel\framework\src\Illuminate\Database\Eloquent\Model.php(1609): Illuminate\Database\Eloquent\Builder->__call('insertGetId', Array)
#9 D:\wgh\gangerp\vendor\laravel\framework\src\Illuminate\Database\Eloquent\Model.php(1609): Illuminate\Database\Eloquent\Builder->insertGetId(Array, 'id')
#10 D:\wgh\gangerp\vendor\laravel\framework\src\Illuminate\Database\Eloquent\Model.php(1574): Illuminate\Database\Eloquent\Model->insertAndSetId(Object(Illuminate\Database\Eloquent\Builder), Array)
#11 D:\wgh\gangerp\vendor\laravel\framework\src\Illuminate\Database\Eloquent\Model.php(1471): Illuminate\Database\Eloquent\Model->performInsert(Object(Illuminate\Database\Eloquent\Builder))
#12 D:\wgh\gangerp\app\Http\Controllers\centerController.php(62): Illuminate\Database\Eloquent\Model->save()
#13 D:\wgh\gangerp\vendor\laravel\framework\src\Illuminate\Database\Connection.php(570): App\Http\Controllers\centerController->App\Http\Controllers\{closure}(Object(Illuminate\Database\MySqlConnection))
#14 D:\wgh\gangerp\vendor\laravel\framework\src\Illuminate\Database\DatabaseManager.php(317): Illuminate\Database\Connection->transaction(Object(Closure))
#15 D:\wgh\gangerp\vendor\laravel\framework\src\Illuminate\Support\Facades\Facade.php(237): Illuminate\Database\DatabaseManager->__call('transaction', Array)
#16 D:\wgh\gangerp\vendor\laravel\framework\src\Illuminate\Support\Facades\Facade.php(237): Illuminate\Database\DatabaseManager->transaction(Object(Closure))
#17 D:\wgh\gangerp\app\Http\Controllers\centerController.php(68): Illuminate\Support\Facades\Facade::__callStatic('transaction', Array)
#18 D:\wgh\gangerp\app\Http\Controllers\centerController.php(68): Illuminate\Support\Facades\DB::transaction(Object(Closure))
#19 [internal function]: App\Http\Controllers\centerController->create(Object(Illuminate\Http\Request))
#20 D:\wgh\gangerp\vendor\laravel\framework\src\Illuminate\Routing\Controller.php(55): call_user_func_array(Array, Array)
#21 D:\wgh\gangerp\vendor\laravel\framework\src\Illuminate\Routing\ControllerDispatcher.php(44): Illuminate\Routing\Controller->callAction('create', Array)
#22 D:\wgh\gangerp\vendor\laravel\framework\src\Illuminate\Routing\Route.php(190): Illuminate\Routing\ControllerDispatcher->dispatch(Object(Illuminate\Routing\Route), Object(App\Http\Controllers\centerController), 'create')
#23 D:\wgh\gangerp\vendor\laravel\framework\src\Illuminate\Routing\Route.php(144): Illuminate\Routing\Route->runController()
#24 D:\wgh\gangerp\vendor\laravel\framework\src\Illuminate\Routing\Router.php(653): Illuminate\Routing\Route->run(Object(Illuminate\Http\Request))
#25 D:\wgh\gangerp\vendor\laravel\framework\src\Illuminate\Routing\Pipeline.php(53): Illuminate\Routing\Router->Illuminate\Routing\{closure}(Object(Illuminate\Http\Request))
#26 D:\wgh\gangerp\app\Http\Middleware\CheckLogin.php(22): Illuminate\Routing\Pipeline->Illuminate\Routing\{closure}(Object(Illuminate\Http\Request))
#27 D:\wgh\gangerp\vendor\laravel\framework\src\Illuminate\Pipeline\Pipeline.php(137): App\Http\Middleware\CheckLogin->handle(Object(Illuminate\Http\Request), Object(Closure))
#28 D:\wgh\gangerp\vendor\laravel\framework\src\Illuminate\Routing\Pipeline.php(33): Illuminate\Pipeline\Pipeline->Illuminate\Pipeline\{closure}(Object(Illuminate\Http\Request))
#29 D:\wgh\gangerp\vendor\laravel\framework\src\Illuminate\View\Middleware\ShareErrorsFromSession.php(49): Illuminate\Routing\Pipeline->Illuminate\Routing\{closure}(Object(Illuminate\Http\Request))
#30 D:\wgh\gangerp\vendor\laravel\framework\src\Illuminate\Pipeline\Pipeline.php(137): Illuminate\View\Middleware\ShareErrorsFromSession->handle(Object(Illuminate\Http\Request), Object(Closure))
#31 D:\wgh\gangerp\vendor\laravel\framework\src\Illuminate\Routing\Pipeline.php(33): Illuminate\Pipeline\Pipeline->Illuminate\Pipeline\{closure}(Object(Illuminate\Http\Request))
#32 D:\wgh\gangerp\vendor\laravel\framework\src\Illuminate\Session\Middleware\StartSession.php(64): Illuminate\Routing\Pipeline->Illuminate\Routing\{closure}(Object(Illuminate\Http\Request))
#33 D:\wgh\gangerp\vendor\laravel\framework\src\Illuminate\Pipeline\Pipeline.php(137): Illuminate\Session\Middleware\StartSession->handle(Object(Illuminate\Http\Request), Object(Closure))
#34 D:\wgh\gangerp\vendor\laravel\framework\src\Illuminate\Routing\Pipeline.php(33): Illuminate\Pipeline\Pipeline->Illuminate\Pipeline\{closure}(Object(Illuminate\Http\Request))
#35 D:\wgh\gangerp\vendor\laravel\framework\src\Illuminate\Cookie\Middleware\AddQueuedCookiesToResponse.php(37): Illuminate\Routing\Pipeline->Illuminate\Routing\{closure}(Object(Illuminate\Http\Request))
#36 D:\wgh\gangerp\vendor\laravel\framework\src\Illuminate\Pipeline\Pipeline.php(137): Illuminate\Cookie\Middleware\AddQueuedCookiesToResponse->handle(Object(Illuminate\Http\Request), Object(Closure))
#37 D:\wgh\gangerp\vendor\laravel\framework\src\Illuminate\Routing\Pipeline.php(33): Illuminate\Pipeline\Pipeline->Illuminate\Pipeline\{closure}(Object(Illuminate\Http\Request))
#38 D:\wgh\gangerp\vendor\laravel\framework\src\Illuminate\Cookie\Middleware\EncryptCookies.php(59): Illuminate\Routing\Pipeline->Illuminate\Routing\{closure}(Object(Illuminate\Http\Request))
#39 D:\wgh\gangerp\vendor\laravel\framework\src\Illuminate\Pipeline\Pipeline.php(137): Illuminate\Cookie\Middleware\EncryptCookies->handle(Object(Illuminate\Http\Request), Object(Closure))
#40 D:\wgh\gangerp\vendor\laravel\framework\src\Illuminate\Routing\Pipeline.php(33): Illuminate\Pipeline\Pipeline->Illuminate\Pipeline\{closure}(Object(Illuminate\Http\Request))
#41 D:\wgh\gangerp\vendor\laravel\framework\src\Illuminate\Pipeline\Pipeline.php(104): Illuminate\Routing\Pipeline->Illuminate\Routing\{closure}(Object(Illuminate\Http\Request))
#42 D:\wgh\gangerp\vendor\laravel\framework\src\Illuminate\Routing\Router.php(655): Illuminate\Pipeline\Pipeline->then(Object(Closure))
#43 D:\wgh\gangerp\vendor\laravel\framework\src\Illuminate\Routing\Router.php(629): Illuminate\Routing\Router->runRouteWithinStack(Object(Illuminate\Routing\Route), Object(Illuminate\Http\Request))
#44 D:\wgh\gangerp\vendor\laravel\framework\src\Illuminate\Routing\Router.php(607): Illuminate\Routing\Router->dispatchToRoute(Object(Illuminate\Http\Request))
#45 D:\wgh\gangerp\vendor\laravel\framework\src\Illuminate\Foundation\Http\Kernel.php(268): Illuminate\Routing\Router->dispatch(Object(Illuminate\Http\Request))
#46 D:\wgh\gangerp\vendor\laravel\framework\src\Illuminate\Routing\Pipeline.php(53): Illuminate\Foundation\Http\Kernel->Illuminate\Foundation\Http\{closure}(Object(Illuminate\Http\Request))
#47 D:\wgh\gangerp\vendor\laravel\framework\src\Illuminate\Foundation\Http\Middleware\CheckForMaintenanceMode.php(46): Illuminate\Routing\Pipeline->Illuminate\Routing\{closure}(Object(Illuminate\Http\Request))
#48 D:\wgh\gangerp\vendor\laravel\framework\src\Illuminate\Pipeline\Pipeline.php(137): Illuminate\Foundation\Http\Middleware\CheckForMaintenanceMode->handle(Object(Illuminate\Http\Request), Object(Closure))
#49 D:\wgh\gangerp\vendor\laravel\framework\src\Illuminate\Routing\Pipeline.php(33): Illuminate\Pipeline\Pipeline->Illuminate\Pipeline\{closure}(Object(Illuminate\Http\Request))
#50 D:\wgh\gangerp\vendor\dingo\api\src\Http\Middleware\Request.php(111): Illuminate\Routing\Pipeline->Illuminate\Routing\{closure}(Object(Illuminate\Http\Request))
#51 D:\wgh\gangerp\vendor\laravel\framework\src\Illuminate\Pipeline\Pipeline.php(137): Dingo\Api\Http\Middleware\Request->handle(Object(Illuminate\Http\Request), Object(Closure))
#52 D:\wgh\gangerp\vendor\laravel\framework\src\Illuminate\Routing\Pipeline.php(33): Illuminate\Pipeline\Pipeline->Illuminate\Pipeline\{closure}(Object(Illuminate\Http\Request))
#53 D:\wgh\gangerp\vendor\laravel\framework\src\Illuminate\Pipeline\Pipeline.php(104): Illuminate\Routing\Pipeline->Illuminate\Routing\{closure}(Object(Illuminate\Http\Request))
#54 D:\wgh\gangerp\vendor\laravel\framework\src\Illuminate\Foundation\Http\Kernel.php(150): Illuminate\Pipeline\Pipeline->then(Object(Closure))
#55 D:\wgh\gangerp\vendor\laravel\framework\src\Illuminate\Foundation\Http\Kernel.php(117): Illuminate\Foundation\Http\Kernel->sendRequestThroughRouter(Object(Illuminate\Http\Request))
#56 D:\wgh\gangerp\public\index.php(54): Illuminate\Foundation\Http\Kernel->handle(Object(Illuminate\Http\Request))
#57 {main}

Next exception 'Illuminate\Database\QueryException' with message 'SQLSTATE[23000]: Integrity constraint violation: 1062 Duplicate entry '' for key 'mobile' (SQL: insert into `users` (`id_parent`, `name`, `mobile`, `password`, `remember_token`, `company_id`, `updated_at`, `created_at`) values (1, czd@gyl.com, , $2y$10$ydKnvgi0FN70VpcWLCwE2uh3B2i4sM75GXB8MHQKNu9g4CLll/cli, HndMYl4zUakqEehM3kwMfZMLmIjBt5LWBGkOIaAUZHlb0yd0ttTha9iyir0x, 6, 2017-09-01 15:03:23, 2017-09-01 15:03:23))' in D:\wgh\gangerp\vendor\laravel\framework\src\Illuminate\Database\Connection.php:770
Stack trace:
#0 D:\wgh\gangerp\vendor\laravel\framework\src\Illuminate\Database\Connection.php(726): Illuminate\Database\Connection->runQueryCallback('insert into `us...', Array, Object(Closure))
#1 D:\wgh\gangerp\vendor\laravel\framework\src\Illuminate\Database\Connection.php(481): Illuminate\Database\Connection->run('insert into `us...', Array, Object(Closure))
#2 D:\wgh\gangerp\vendor\laravel\framework\src\Illuminate\Database\Connection.php(435): Illuminate\Database\Connection->statement('insert into `us...', Array)
#3 D:\wgh\gangerp\vendor\laravel\framework\src\Illuminate\Database\Query\Processors\Processor.php(32): Illuminate\Database\Connection->insert('insert into `us...', Array)
#4 D:\wgh\gangerp\vendor\laravel\framework\src\Illuminate\Database\Query\Builder.php(2154): Illuminate\Database\Query\Processors\Processor->processInsertGetId(Object(Illuminate\Database\Query\Builder), 'insert into `us...', Array, 'id')
#5 D:\wgh\gangerp\vendor\laravel\framework\src\Illuminate\Database\Eloquent\Builder.php(1470): Illuminate\Database\Query\Builder->insertGetId(Array, 'id')
#6 D:\wgh\gangerp\vendor\laravel\framework\src\Illuminate\Database\Eloquent\Model.php(1609): Illuminate\Database\Eloquent\Builder->__call('insertGetId', Array)
#7 D:\wgh\gangerp\vendor\laravel\framework\src\Illuminate\Database\Eloquent\Model.php(1609): Illuminate\Database\Eloquent\Builder->insertGetId(Array, 'id')
#8 D:\wgh\gangerp\vendor\laravel\framework\src\Illuminate\Database\Eloquent\Model.php(1574): Illuminate\Database\Eloquent\Model->insertAndSetId(Object(Illuminate\Database\Eloquent\Builder), Array)
#9 D:\wgh\gangerp\vendor\laravel\framework\src\Illuminate\Database\Eloquent\Model.php(1471): Illuminate\Database\Eloquent\Model->performInsert(Object(Illuminate\Database\Eloquent\Builder))
#10 D:\wgh\gangerp\app\Http\Controllers\centerController.php(62): Illuminate\Database\Eloquent\Model->save()
#11 D:\wgh\gangerp\vendor\laravel\framework\src\Illuminate\Database\Connection.php(570): App\Http\Controllers\centerController->App\Http\Controllers\{closure}(Object(Illuminate\Database\MySqlConnection))
#12 D:\wgh\gangerp\vendor\laravel\framework\src\Illuminate\Database\DatabaseManager.php(317): Illuminate\Database\Connection->transaction(Object(Closure))
#13 D:\wgh\gangerp\vendor\laravel\framework\src\Illuminate\Support\Facades\Facade.php(237): Illuminate\Database\DatabaseManager->__call('transaction', Array)
#14 D:\wgh\gangerp\vendor\laravel\framework\src\Illuminate\Support\Facades\Facade.php(237): Illuminate\Database\DatabaseManager->transaction(Object(Closure))
#15 D:\wgh\gangerp\app\Http\Controllers\centerController.php(68): Illuminate\Support\Facades\Facade::__callStatic('transaction', Array)
#16 D:\wgh\gangerp\app\Http\Controllers\centerController.php(68): Illuminate\Support\Facades\DB::transaction(Object(Closure))
#17 [internal function]: App\Http\Controllers\centerController->create(Object(Illuminate\Http\Request))
#18 D:\wgh\gangerp\vendor\laravel\framework\src\Illuminate\Routing\Controller.php(55): call_user_func_array(Array, Array)
#19 D:\wgh\gangerp\vendor\laravel\framework\src\Illuminate\Routing\ControllerDispatcher.php(44): Illuminate\Routing\Controller->callAction('create', Array)
#20 D:\wgh\gangerp\vendor\laravel\framework\src\Illuminate\Routing\Route.php(190): Illuminate\Routing\ControllerDispatcher->dispatch(Object(Illuminate\Routing\Route), Object(App\Http\Controllers\centerController), 'create')
#21 D:\wgh\gangerp\vendor\laravel\framework\src\Illuminate\Routing\Route.php(144): Illuminate\Routing\Route->runController()
#22 D:\wgh\gangerp\vendor\laravel\framework\src\Illuminate\Routing\Router.php(653): Illuminate\Routing\Route->run(Object(Illuminate\Http\Request))
#23 D:\wgh\gangerp\vendor\laravel\framework\src\Illuminate\Routing\Pipeline.php(53): Illuminate\Routing\Router->Illuminate\Routing\{closure}(Object(Illuminate\Http\Request))
#24 D:\wgh\gangerp\app\Http\Middleware\CheckLogin.php(22): Illuminate\Routing\Pipeline->Illuminate\Routing\{closure}(Object(Illuminate\Http\Request))
#25 D:\wgh\gangerp\vendor\laravel\framework\src\Illuminate\Pipeline\Pipeline.php(137): App\Http\Middleware\CheckLogin->handle(Object(Illuminate\Http\Request), Object(Closure))
#26 D:\wgh\gangerp\vendor\laravel\framework\src\Illuminate\Routing\Pipeline.php(33): Illuminate\Pipeline\Pipeline->Illuminate\Pipeline\{closure}(Object(Illuminate\Http\Request))
#27 D:\wgh\gangerp\vendor\laravel\framework\src\Illuminate\View\Middleware\ShareErrorsFromSession.php(49): Illuminate\Routing\Pipeline->Illuminate\Routing\{closure}(Object(Illuminate\Http\Request))
#28 D:\wgh\gangerp\vendor\laravel\framework\src\Illuminate\Pipeline\Pipeline.php(137): Illuminate\View\Middleware\ShareErrorsFromSession->handle(Object(Illuminate\Http\Request), Object(Closure))
#29 D:\wgh\gangerp\vendor\laravel\framework\src\Illuminate\Routing\Pipeline.php(33): Illuminate\Pipeline\Pipeline->Illuminate\Pipeline\{closure}(Object(Illuminate\Http\Request))
#30 D:\wgh\gangerp\vendor\laravel\framework\src\Illuminate\Session\Middleware\StartSession.php(64): Illuminate\Routing\Pipeline->Illuminate\Routing\{closure}(Object(Illuminate\Http\Request))
#31 D:\wgh\gangerp\vendor\laravel\framework\src\Illuminate\Pipeline\Pipeline.php(137): Illuminate\Session\Middleware\StartSession->handle(Object(Illuminate\Http\Request), Object(Closure))
#32 D:\wgh\gangerp\vendor\laravel\framework\src\Illuminate\Routing\Pipeline.php(33): Illuminate\Pipeline\Pipeline->Illuminate\Pipeline\{closure}(Object(Illuminate\Http\Request))
#33 D:\wgh\gangerp\vendor\laravel\framework\src\Illuminate\Cookie\Middleware\AddQueuedCookiesToResponse.php(37): Illuminate\Routing\Pipeline->Illuminate\Routing\{closure}(Object(Illuminate\Http\Request))
#34 D:\wgh\gangerp\vendor\laravel\framework\src\Illuminate\Pipeline\Pipeline.php(137): Illuminate\Cookie\Middleware\AddQueuedCookiesToResponse->handle(Object(Illuminate\Http\Request), Object(Closure))
#35 D:\wgh\gangerp\vendor\laravel\framework\src\Illuminate\Routing\Pipeline.php(33): Illuminate\Pipeline\Pipeline->Illuminate\Pipeline\{closure}(Object(Illuminate\Http\Request))
#36 D:\wgh\gangerp\vendor\laravel\framework\src\Illuminate\Cookie\Middleware\EncryptCookies.php(59): Illuminate\Routing\Pipeline->Illuminate\Routing\{closure}(Object(Illuminate\Http\Request))
#37 D:\wgh\gangerp\vendor\laravel\framework\src\Illuminate\Pipeline\Pipeline.php(137): Illuminate\Cookie\Middleware\EncryptCookies->handle(Object(Illuminate\Http\Request), Object(Closure))
#38 D:\wgh\gangerp\vendor\laravel\framework\src\Illuminate\Routing\Pipeline.php(33): Illuminate\Pipeline\Pipeline->Illuminate\Pipeline\{closure}(Object(Illuminate\Http\Request))
#39 D:\wgh\gangerp\vendor\laravel\framework\src\Illuminate\Pipeline\Pipeline.php(104): Illuminate\Routing\Pipeline->Illuminate\Routing\{closure}(Object(Illuminate\Http\Request))
#40 D:\wgh\gangerp\vendor\laravel\framework\src\Illuminate\Routing\Router.php(655): Illuminate\Pipeline\Pipeline->then(Object(Closure))
#41 D:\wgh\gangerp\vendor\laravel\framework\src\Illuminate\Routing\Router.php(629): Illuminate\Routing\Router->runRouteWithinStack(Object(Illuminate\Routing\Route), Object(Illuminate\Http\Request))
#42 D:\wgh\gangerp\vendor\laravel\framework\src\Illuminate\Routing\Router.php(607): Illuminate\Routing\Router->dispatchToRoute(Object(Illuminate\Http\Request))
#43 D:\wgh\gangerp\vendor\laravel\framework\src\Illuminate\Foundation\Http\Kernel.php(268): Illuminate\Routing\Router->dispatch(Object(Illuminate\Http\Request))
#44 D:\wgh\gangerp\vendor\laravel\framework\src\Illuminate\Routing\Pipeline.php(53): Illuminate\Foundation\Http\Kernel->Illuminate\Foundation\Http\{closure}(Object(Illuminate\Http\Request))
#45 D:\wgh\gangerp\vendor\laravel\framework\src\Illuminate\Foundation\Http\Middleware\CheckForMaintenanceMode.php(46): Illuminate\Routing\Pipeline->Illuminate\Routing\{closure}(Object(Illuminate\Http\Request))
#46 D:\wgh\gangerp\vendor\laravel\framework\src\Illuminate\Pipeline\Pipeline.php(137): Illuminate\Foundation\Http\Middleware\CheckForMaintenanceMode->handle(Object(Illuminate\Http\Request), Object(Closure))
#47 D:\wgh\gangerp\vendor\laravel\framework\src\Illuminate\Routing\Pipeline.php(33): Illuminate\Pipeline\Pipeline->Illuminate\Pipeline\{closure}(Object(Illuminate\Http\Request))
#48 D:\wgh\gangerp\vendor\dingo\api\src\Http\Middleware\Request.php(111): Illuminate\Routing\Pipeline->Illuminate\Routing\{closure}(Object(Illuminate\Http\Request))
#49 D:\wgh\gangerp\vendor\laravel\framework\src\Illuminate\Pipeline\Pipeline.php(137): Dingo\Api\Http\Middleware\Request->handle(Object(Illuminate\Http\Request), Object(Closure))
#50 D:\wgh\gangerp\vendor\laravel\framework\src\Illuminate\Routing\Pipeline.php(33): Illuminate\Pipeline\Pipeline->Illuminate\Pipeline\{closure}(Object(Illuminate\Http\Request))
#51 D:\wgh\gangerp\vendor\laravel\framework\src\Illuminate\Pipeline\Pipeline.php(104): Illuminate\Routing\Pipeline->Illuminate\Routing\{closure}(Object(Illuminate\Http\Request))
#52 D:\wgh\gangerp\vendor\laravel\framework\src\Illuminate\Foundation\Http\Kernel.php(150): Illuminate\Pipeline\Pipeline->then(Object(Closure))
#53 D:\wgh\gangerp\vendor\laravel\framework\src\Illuminate\Foundation\Http\Kernel.php(117): Illuminate\Foundation\Http\Kernel->sendRequestThroughRouter(Object(Illuminate\Http\Request))
#54 D:\wgh\gangerp\public\index.php(54): Illuminate\Foundation\Http\Kernel->handle(Object(Illuminate\Http\Request))
#55 {main}  
