[2017-08-28 10:11:51] local.ERROR: exception 'PDOException' with message 'SQLSTATE[HY000] [2002] 由于目标计算机积极拒绝，无法连接。
' in D:\xampp\htdocs\backpackdemo\vendor\doctrine\dbal\lib\Doctrine\DBAL\Driver\PDOConnection.php:43
Stack trace:
#0 D:\xampp\htdocs\backpackdemo\vendor\doctrine\dbal\lib\Doctrine\DBAL\Driver\PDOConnection.php(43): PDO->__construct('mysql:host=127....', 'root', 'root', Array)
#1 D:\xampp\htdocs\backpackdemo\vendor\laravel\framework\src\Illuminate\Database\Connectors\Connector.php(116): Doctrine\DBAL\Driver\PDOConnection->__construct('mysql:host=127....', 'root', 'root', Array)
#2 D:\xampp\htdocs\backpackdemo\vendor\laravel\framework\src\Illuminate\Database\Connectors\Connector.php(56): Illuminate\Database\Connectors\Connector->createPdoConnection('mysql:host=127....', 'root', 'root', Array)
#3 D:\xampp\htdocs\backpackdemo\vendor\laravel\framework\src\Illuminate\Database\Connectors\MySqlConnector.php(24): Illuminate\Database\Connectors\Connector->createConnection('mysql:host=127....', Array, Array)
#4 D:\xampp\htdocs\backpackdemo\vendor\laravel\framework\src\Illuminate\Database\Connectors\ConnectionFactory.php(126): Illuminate\Database\Connectors\MySqlConnector->connect(Array)
#5 [internal function]: Illuminate\Database\Connectors\ConnectionFactory->Illuminate\Database\Connectors\{closure}()
#6 D:\xampp\htdocs\backpackdemo\vendor\laravel\framework\src\Illuminate\Database\Connection.php(965): call_user_func(Object(Closure))
#7 D:\xampp\htdocs\backpackdemo\vendor\laravel\framework\src\Illuminate\Database\Connection.php(986): Illuminate\Database\Connection->getPdo()
#8 D:\xampp\htdocs\backpackdemo\vendor\laravel\framework\src\Illuminate\Database\Connection.php(423): Illuminate\Database\Connection->getReadPdo()
#9 D:\xampp\htdocs\backpackdemo\vendor\laravel\framework\src\Illuminate\Database\Connection.php(333): Illuminate\Database\Connection->getPdoForSelect(true)
#10 D:\xampp\htdocs\backpackdemo\vendor\laravel\framework\src\Illuminate\Database\Connection.php(763): Illuminate\Database\Connection->Illuminate\Database\{closure}(Object(Illuminate\Database\MySqlConnection), 'select column_n...', Array)
#11 D:\xampp\htdocs\backpackdemo\vendor\laravel\framework\src\Illuminate\Database\Connection.php(726): Illuminate\Database\Connection->runQueryCallback('select column_n...', Array, Object(Closure))
#12 D:\xampp\htdocs\backpackdemo\vendor\laravel\framework\src\Illuminate\Database\Connection.php(351): Illuminate\Database\Connection->run('select column_n...', Array, Object(Closure))
#13 D:\xampp\htdocs\backpackdemo\vendor\laravel\framework\src\Illuminate\Database\Schema\MySqlBuilder.php(38): Illuminate\Database\Connection->select('select column_n...', Array)
#14 D:\xampp\htdocs\backpackdemo\vendor\laravel\framework\src\Illuminate\Support\Facades\Facade.php(237): Illuminate\Database\Schema\MySqlBuilder->getColumnListing('settings')
#15 D:\xampp\htdocs\backpackdemo\vendor\backpack\settings\src\SettingsServiceProvider.php(29): Illuminate\Support\Facades\Facade::__callStatic('getColumnListin...', Array)
#16 D:\xampp\htdocs\backpackdemo\vendor\backpack\settings\src\SettingsServiceProvider.php(29): Illuminate\Support\Facades\Schema::getColumnListing('settings')
#17 [internal function]: Backpack\Settings\SettingsServiceProvider->boot()
#18 D:\xampp\htdocs\backpackdemo\vendor\laravel\framework\src\Illuminate\Container\Container.php(508): call_user_func_array(Array, Array)
#19 D:\xampp\htdocs\backpackdemo\vendor\laravel\framework\src\Illuminate\Foundation\Application.php(769): Illuminate\Container\Container->call(Array)
#20 D:\xampp\htdocs\backpackdemo\vendor\laravel\framework\src\Illuminate\Foundation\Application.php(752): Illuminate\Foundation\Application->bootProvider(Object(Backpack\Settings\SettingsServiceProvider))
#21 [internal function]: Illuminate\Foundation\Application->Illuminate\Foundation\{closure}(Object(Backpack\Settings\SettingsServiceProvider), 28)
#22 D:\xampp\htdocs\backpackdemo\vendor\laravel\framework\src\Illuminate\Foundation\Application.php(753): array_walk(Array, Object(Closure))
#23 D:\xampp\htdocs\backpackdemo\vendor\laravel\framework\src\Illuminate\Foundation\Bootstrap\BootProviders.php(17): Illuminate\Foundation\Application->boot()
#24 D:\xampp\htdocs\backpackdemo\vendor\laravel\framework\src\Illuminate\Foundation\Application.php(203): Illuminate\Foundation\Bootstrap\BootProviders->bootstrap(Object(Illuminate\Foundation\Application))
#25 D:\xampp\htdocs\backpackdemo\vendor\laravel\framework\src\Illuminate\Foundation\Http\Kernel.php(254): Illuminate\Foundation\Application->bootstrapWith(Array)
#26 D:\xampp\htdocs\backpackdemo\vendor\laravel\framework\src\Illuminate\Foundation\Http\Kernel.php(145): Illuminate\Foundation\Http\Kernel->bootstrap()
#27 D:\xampp\htdocs\backpackdemo\vendor\laravel\framework\src\Illuminate\Foundation\Http\Kernel.php(117): Illuminate\Foundation\Http\Kernel->sendRequestThroughRouter(Object(Illuminate\Http\Request))
#28 D:\xampp\htdocs\backpackdemo\public\index.php(54): Illuminate\Foundation\Http\Kernel->handle(Object(Illuminate\Http\Request))
#29 {main}

Next exception 'Doctrine\DBAL\Driver\PDOException' with message 'SQLSTATE[HY000] [2002] 由于目标计算机积极拒绝，无法连接。
' in D:\xampp\htdocs\backpackdemo\vendor\doctrine\dbal\lib\Doctrine\DBAL\Driver\PDOConnection.php:47
Stack trace:
#0 D:\xampp\htdocs\backpackdemo\vendor\laravel\framework\src\Illuminate\Database\Connectors\Connector.php(116): Doctrine\DBAL\Driver\PDOConnection::__construct('mysql:host=127....', 'root', 'root', Array)
#1 D:\xampp\htdocs\backpackdemo\vendor\laravel\framework\src\Illuminate\Database\Connectors\Connector.php(56): Illuminate\Database\Connectors\Connector->createPdoConnection('mysql:host=127....', 'root', 'root', Array)
#2 D:\xampp\htdocs\backpackdemo\vendor\laravel\framework\src\Illuminate\Database\Connectors\MySqlConnector.php(24): Illuminate\Database\Connectors\Connector->createConnection('mysql:host=127....', Array, Array)
#3 D:\xampp\htdocs\backpackdemo\vendor\laravel\framework\src\Illuminate\Database\Connectors\ConnectionFactory.php(126): Illuminate\Database\Connectors\MySqlConnector->connect(Array)
#4 [internal function]: Illuminate\Database\Connectors\ConnectionFactory->Illuminate\Database\Connectors\{closure}()
#5 D:\xampp\htdocs\backpackdemo\vendor\laravel\framework\src\Illuminate\Database\Connection.php(965): call_user_func(Object(Closure))
#6 D:\xampp\htdocs\backpackdemo\vendor\laravel\framework\src\Illuminate\Database\Connection.php(986): Illuminate\Database\Connection->getPdo()
#7 D:\xampp\htdocs\backpackdemo\vendor\laravel\framework\src\Illuminate\Database\Connection.php(423): Illuminate\Database\Connection->getReadPdo()
#8 D:\xampp\htdocs\backpackdemo\vendor\laravel\framework\src\Illuminate\Database\Connection.php(333): Illuminate\Database\Connection->getPdoForSelect(true)
#9 D:\xampp\htdocs\backpackdemo\vendor\laravel\framework\src\Illuminate\Database\Connection.php(763): Illuminate\Database\Connection->Illuminate\Database\{closure}(Object(Illuminate\Database\MySqlConnection), 'select column_n...', Array)
#10 D:\xampp\htdocs\backpackdemo\vendor\laravel\framework\src\Illuminate\Database\Connection.php(726): Illuminate\Database\Connection->runQueryCallback('select column_n...', Array, Object(Closure))
#11 D:\xampp\htdocs\backpackdemo\vendor\laravel\framework\src\Illuminate\Database\Connection.php(351): Illuminate\Database\Connection->run('select column_n...', Array, Object(Closure))
#12 D:\xampp\htdocs\backpackdemo\vendor\laravel\framework\src\Illuminate\Database\Schema\MySqlBuilder.php(38): Illuminate\Database\Connection->select('select column_n...', Array)
#13 D:\xampp\htdocs\backpackdemo\vendor\laravel\framework\src\Illuminate\Support\Facades\Facade.php(237): Illuminate\Database\Schema\MySqlBuilder->getColumnListing('settings')
#14 D:\xampp\htdocs\backpackdemo\vendor\backpack\settings\src\SettingsServiceProvider.php(29): Illuminate\Support\Facades\Facade::__callStatic('getColumnListin...', Array)
#15 D:\xampp\htdocs\backpackdemo\vendor\backpack\settings\src\SettingsServiceProvider.php(29): Illuminate\Support\Facades\Schema::getColumnListing('settings')
#16 [internal function]: Backpack\Settings\SettingsServiceProvider->boot()
#17 D:\xampp\htdocs\backpackdemo\vendor\laravel\framework\src\Illuminate\Container\Container.php(508): call_user_func_array(Array, Array)
#18 D:\xampp\htdocs\backpackdemo\vendor\laravel\framework\src\Illuminate\Foundation\Application.php(769): Illuminate\Container\Container->call(Array)
#19 D:\xampp\htdocs\backpackdemo\vendor\laravel\framework\src\Illuminate\Foundation\Application.php(752): Illuminate\Foundation\Application->bootProvider(Object(Backpack\Settings\SettingsServiceProvider))
#20 [internal function]: Illuminate\Foundation\Application->Illuminate\Foundation\{closure}(Object(Backpack\Settings\SettingsServiceProvider), 28)
#21 D:\xampp\htdocs\backpackdemo\vendor\laravel\framework\src\Illuminate\Foundation\Application.php(753): array_walk(Array, Object(Closure))
#22 D:\xampp\htdocs\backpackdemo\vendor\laravel\framework\src\Illuminate\Foundation\Bootstrap\BootProviders.php(17): Illuminate\Foundation\Application->boot()
#23 D:\xampp\htdocs\backpackdemo\vendor\laravel\framework\src\Illuminate\Foundation\Application.php(203): Illuminate\Foundation\Bootstrap\BootProviders->bootstrap(Object(Illuminate\Foundation\Application))
#24 D:\xampp\htdocs\backpackdemo\vendor\laravel\framework\src\Illuminate\Foundation\Http\Kernel.php(254): Illuminate\Foundation\Application->bootstrapWith(Array)
#25 D:\xampp\htdocs\backpackdemo\vendor\laravel\framework\src\Illuminate\Foundation\Http\Kernel.php(145): Illuminate\Foundation\Http\Kernel->bootstrap()
#26 D:\xampp\htdocs\backpackdemo\vendor\laravel\framework\src\Illuminate\Foundation\Http\Kernel.php(117): Illuminate\Foundation\Http\Kernel->sendRequestThroughRouter(Object(Illuminate\Http\Request))
#27 D:\xampp\htdocs\backpackdemo\public\index.php(54): Illuminate\Foundation\Http\Kernel->handle(Object(Illuminate\Http\Request))
#28 {main}  
[2017-08-28 10:11:51] local.ERROR: exception 'PDOException' with message 'SQLSTATE[HY000] [2002] 由于目标计算机积极拒绝，无法连接。
' in D:\xampp\htdocs\backpackdemo\vendor\doctrine\dbal\lib\Doctrine\DBAL\Driver\PDOConnection.php:43
Stack trace:
#0 D:\xampp\htdocs\backpackdemo\vendor\doctrine\dbal\lib\Doctrine\DBAL\Driver\PDOConnection.php(43): PDO->__construct('mysql:host=127....', 'root', 'root', Array)
#1 D:\xampp\htdocs\backpackdemo\vendor\laravel\framework\src\Illuminate\Database\Connectors\Connector.php(116): Doctrine\DBAL\Driver\PDOConnection->__construct('mysql:host=127....', 'root', 'root', Array)
#2 D:\xampp\htdocs\backpackdemo\vendor\laravel\framework\src\Illuminate\Database\Connectors\Connector.php(56): Illuminate\Database\Connectors\Connector->createPdoConnection('mysql:host=127....', 'root', 'root', Array)
#3 D:\xampp\htdocs\backpackdemo\vendor\laravel\framework\src\Illuminate\Database\Connectors\MySqlConnector.php(24): Illuminate\Database\Connectors\Connector->createConnection('mysql:host=127....', Array, Array)
#4 D:\xampp\htdocs\backpackdemo\vendor\laravel\framework\src\Illuminate\Database\Connectors\ConnectionFactory.php(126): Illuminate\Database\Connectors\MySqlConnector->connect(Array)
#5 [internal function]: Illuminate\Database\Connectors\ConnectionFactory->Illuminate\Database\Connectors\{closure}()
#6 D:\xampp\htdocs\backpackdemo\vendor\laravel\framework\src\Illuminate\Database\Connection.php(965): call_user_func(Object(Closure))
#7 D:\xampp\htdocs\backpackdemo\vendor\laravel\framework\src\Illuminate\Database\Connection.php(986): Illuminate\Database\Connection->getPdo()
#8 D:\xampp\htdocs\backpackdemo\vendor\laravel\framework\src\Illuminate\Database\Connection.php(423): Illuminate\Database\Connection->getReadPdo()
#9 D:\xampp\htdocs\backpackdemo\vendor\laravel\framework\src\Illuminate\Database\Connection.php(333): Illuminate\Database\Connection->getPdoForSelect(true)
#10 D:\xampp\htdocs\backpackdemo\vendor\laravel\framework\src\Illuminate\Database\Connection.php(763): Illuminate\Database\Connection->Illuminate\Database\{closure}(Object(Illuminate\Database\MySqlConnection), 'select column_n...', Array)
#11 D:\xampp\htdocs\backpackdemo\vendor\laravel\framework\src\Illuminate\Database\Connection.php(726): Illuminate\Database\Connection->runQueryCallback('select column_n...', Array, Object(Closure))
#12 D:\xampp\htdocs\backpackdemo\vendor\laravel\framework\src\Illuminate\Database\Connection.php(351): Illuminate\Database\Connection->run('select column_n...', Array, Object(Closure))
#13 D:\xampp\htdocs\backpackdemo\vendor\laravel\framework\src\Illuminate\Database\Schema\MySqlBuilder.php(38): Illuminate\Database\Connection->select('select column_n...', Array)
#14 D:\xampp\htdocs\backpackdemo\vendor\laravel\framework\src\Illuminate\Support\Facades\Facade.php(237): Illuminate\Database\Schema\MySqlBuilder->getColumnListing('settings')
#15 D:\xampp\htdocs\backpackdemo\vendor\backpack\settings\src\SettingsServiceProvider.php(29): Illuminate\Support\Facades\Facade::__callStatic('getColumnListin...', Array)
#16 D:\xampp\htdocs\backpackdemo\vendor\backpack\settings\src\SettingsServiceProvider.php(29): Illuminate\Support\Facades\Schema::getColumnListing('settings')
#17 [internal function]: Backpack\Settings\SettingsServiceProvider->boot()
#18 D:\xampp\htdocs\backpackdemo\vendor\laravel\framework\src\Illuminate\Container\Container.php(508): call_user_func_array(Array, Array)
#19 D:\xampp\htdocs\backpackdemo\vendor\laravel\framework\src\Illuminate\Foundation\Application.php(769): Illuminate\Container\Container->call(Array)
#20 D:\xampp\htdocs\backpackdemo\vendor\laravel\framework\src\Illuminate\Foundation\Application.php(752): Illuminate\Foundation\Application->bootProvider(Object(Backpack\Settings\SettingsServiceProvider))
#21 [internal function]: Illuminate\Foundation\Application->Illuminate\Foundation\{closure}(Object(Backpack\Settings\SettingsServiceProvider), 28)
#22 D:\xampp\htdocs\backpackdemo\vendor\laravel\framework\src\Illuminate\Foundation\Application.php(753): array_walk(Array, Object(Closure))
#23 D:\xampp\htdocs\backpackdemo\vendor\laravel\framework\src\Illuminate\Foundation\Bootstrap\BootProviders.php(17): Illuminate\Foundation\Application->boot()
#24 D:\xampp\htdocs\backpackdemo\vendor\laravel\framework\src\Illuminate\Foundation\Application.php(203): Illuminate\Foundation\Bootstrap\BootProviders->bootstrap(Object(Illuminate\Foundation\Application))
#25 D:\xampp\htdocs\backpackdemo\vendor\laravel\framework\src\Illuminate\Foundation\Http\Kernel.php(254): Illuminate\Foundation\Application->bootstrapWith(Array)
#26 D:\xampp\htdocs\backpackdemo\vendor\laravel\framework\src\Illuminate\Foundation\Http\Kernel.php(145): Illuminate\Foundation\Http\Kernel->bootstrap()
#27 D:\xampp\htdocs\backpackdemo\vendor\laravel\framework\src\Illuminate\Foundation\Http\Kernel.php(117): Illuminate\Foundation\Http\Kernel->sendRequestThroughRouter(Object(Illuminate\Http\Request))
#28 D:\xampp\htdocs\backpackdemo\public\index.php(54): Illuminate\Foundation\Http\Kernel->handle(Object(Illuminate\Http\Request))
#29 {main}

Next exception 'Doctrine\DBAL\Driver\PDOException' with message 'SQLSTATE[HY000] [2002] 由于目标计算机积极拒绝，无法连接。
' in D:\xampp\htdocs\backpackdemo\vendor\doctrine\dbal\lib\Doctrine\DBAL\Driver\PDOConnection.php:47
Stack trace:
#0 D:\xampp\htdocs\backpackdemo\vendor\laravel\framework\src\Illuminate\Database\Connectors\Connector.php(116): Doctrine\DBAL\Driver\PDOConnection::__construct('mysql:host=127....', 'root', 'root', Array)
#1 D:\xampp\htdocs\backpackdemo\vendor\laravel\framework\src\Illuminate\Database\Connectors\Connector.php(56): Illuminate\Database\Connectors\Connector->createPdoConnection('mysql:host=127....', 'root', 'root', Array)
#2 D:\xampp\htdocs\backpackdemo\vendor\laravel\framework\src\Illuminate\Database\Connectors\MySqlConnector.php(24): Illuminate\Database\Connectors\Connector->createConnection('mysql:host=127....', Array, Array)
#3 D:\xampp\htdocs\backpackdemo\vendor\laravel\framework\src\Illuminate\Database\Connectors\ConnectionFactory.php(126): Illuminate\Database\Connectors\MySqlConnector->connect(Array)
#4 [internal function]: Illuminate\Database\Connectors\ConnectionFactory->Illuminate\Database\Connectors\{closure}()
#5 D:\xampp\htdocs\backpackdemo\vendor\laravel\framework\src\Illuminate\Database\Connection.php(965): call_user_func(Object(Closure))
#6 D:\xampp\htdocs\backpackdemo\vendor\laravel\framework\src\Illuminate\Database\Connection.php(986): Illuminate\Database\Connection->getPdo()
#7 D:\xampp\htdocs\backpackdemo\vendor\laravel\framework\src\Illuminate\Database\Connection.php(423): Illuminate\Database\Connection->getReadPdo()
#8 D:\xampp\htdocs\backpackdemo\vendor\laravel\framework\src\Illuminate\Database\Connection.php(333): Illuminate\Database\Connection->getPdoForSelect(true)
#9 D:\xampp\htdocs\backpackdemo\vendor\laravel\framework\src\Illuminate\Database\Connection.php(763): Illuminate\Database\Connection->Illuminate\Database\{closure}(Object(Illuminate\Database\MySqlConnection), 'select column_n...', Array)
#10 D:\xampp\htdocs\backpackdemo\vendor\laravel\framework\src\Illuminate\Database\Connection.php(726): Illuminate\Database\Connection->runQueryCallback('select column_n...', Array, Object(Closure))
#11 D:\xampp\htdocs\backpackdemo\vendor\laravel\framework\src\Illuminate\Database\Connection.php(351): Illuminate\Database\Connection->run('select column_n...', Array, Object(Closure))
#12 D:\xampp\htdocs\backpackdemo\vendor\laravel\framework\src\Illuminate\Database\Schema\MySqlBuilder.php(38): Illuminate\Database\Connection->select('select column_n...', Array)
#13 D:\xampp\htdocs\backpackdemo\vendor\laravel\framework\src\Illuminate\Support\Facades\Facade.php(237): Illuminate\Database\Schema\MySqlBuilder->getColumnListing('settings')
#14 D:\xampp\htdocs\backpackdemo\vendor\backpack\settings\src\SettingsServiceProvider.php(29): Illuminate\Support\Facades\Facade::__callStatic('getColumnListin...', Array)
#15 D:\xampp\htdocs\backpackdemo\vendor\backpack\settings\src\SettingsServiceProvider.php(29): Illuminate\Support\Facades\Schema::getColumnListing('settings')
#16 [internal function]: Backpack\Settings\SettingsServiceProvider->boot()
#17 D:\xampp\htdocs\backpackdemo\vendor\laravel\framework\src\Illuminate\Container\Container.php(508): call_user_func_array(Array, Array)
#18 D:\xampp\htdocs\backpackdemo\vendor\laravel\framework\src\Illuminate\Foundation\Application.php(769): Illuminate\Container\Container->call(Array)
#19 D:\xampp\htdocs\backpackdemo\vendor\laravel\framework\src\Illuminate\Foundation\Application.php(752): Illuminate\Foundation\Application->bootProvider(Object(Backpack\Settings\SettingsServiceProvider))
#20 [internal function]: Illuminate\Foundation\Application->Illuminate\Foundation\{closure}(Object(Backpack\Settings\SettingsServiceProvider), 28)
#21 D:\xampp\htdocs\backpackdemo\vendor\laravel\framework\src\Illuminate\Foundation\Application.php(753): array_walk(Array, Object(Closure))
#22 D:\xampp\htdocs\backpackdemo\vendor\laravel\framework\src\Illuminate\Foundation\Bootstrap\BootProviders.php(17): Illuminate\Foundation\Application->boot()
#23 D:\xampp\htdocs\backpackdemo\vendor\laravel\framework\src\Illuminate\Foundation\Application.php(203): Illuminate\Foundation\Bootstrap\BootProviders->bootstrap(Object(Illuminate\Foundation\Application))
#24 D:\xampp\htdocs\backpackdemo\vendor\laravel\framework\src\Illuminate\Foundation\Http\Kernel.php(254): Illuminate\Foundation\Application->bootstrapWith(Array)
#25 D:\xampp\htdocs\backpackdemo\vendor\laravel\framework\src\Illuminate\Foundation\Http\Kernel.php(145): Illuminate\Foundation\Http\Kernel->bootstrap()
#26 D:\xampp\htdocs\backpackdemo\vendor\laravel\framework\src\Illuminate\Foundation\Http\Kernel.php(117): Illuminate\Foundation\Http\Kernel->sendRequestThroughRouter(Object(Illuminate\Http\Request))
#27 D:\xampp\htdocs\backpackdemo\public\index.php(54): Illuminate\Foundation\Http\Kernel->handle(Object(Illuminate\Http\Request))
#28 {main}

Next exception 'Illuminate\Database\QueryException' with message 'SQLSTATE[HY000] [2002] 由于目标计算机积极拒绝，无法连接。
 (SQL: select column_name from information_schema.columns where table_schema = backpack and table_name = settings)' in D:\xampp\htdocs\backpackdemo\vendor\laravel\framework\src\Illuminate\Database\Connection.php:770
Stack trace:
#0 D:\xampp\htdocs\backpackdemo\vendor\laravel\framework\src\Illuminate\Database\Connection.php(726): Illuminate\Database\Connection->runQueryCallback('select column_n...', Array, Object(Closure))
#1 D:\xampp\htdocs\backpackdemo\vendor\laravel\framework\src\Illuminate\Database\Connection.php(351): Illuminate\Database\Connection->run('select column_n...', Array, Object(Closure))
#2 D:\xampp\htdocs\backpackdemo\vendor\laravel\framework\src\Illuminate\Database\Schema\MySqlBuilder.php(38): Illuminate\Database\Connection->select('select column_n...', Array)
#3 D:\xampp\htdocs\backpackdemo\vendor\laravel\framework\src\Illuminate\Support\Facades\Facade.php(237): Illuminate\Database\Schema\MySqlBuilder->getColumnListing('settings')
#4 D:\xampp\htdocs\backpackdemo\vendor\backpack\settings\src\SettingsServiceProvider.php(29): Illuminate\Support\Facades\Facade::__callStatic('getColumnListin...', Array)
#5 D:\xampp\htdocs\backpackdemo\vendor\backpack\settings\src\SettingsServiceProvider.php(29): Illuminate\Support\Facades\Schema::getColumnListing('settings')
#6 [internal function]: Backpack\Settings\SettingsServiceProvider->boot()
#7 D:\xampp\htdocs\backpackdemo\vendor\laravel\framework\src\Illuminate\Container\Container.php(508): call_user_func_array(Array, Array)
#8 D:\xampp\htdocs\backpackdemo\vendor\laravel\framework\src\Illuminate\Foundation\Application.php(769): Illuminate\Container\Container->call(Array)
#9 D:\xampp\htdocs\backpackdemo\vendor\laravel\framework\src\Illuminate\Foundation\Application.php(752): Illuminate\Foundation\Application->bootProvider(Object(Backpack\Settings\SettingsServiceProvider))
#10 [internal function]: Illuminate\Foundation\Application->Illuminate\Foundation\{closure}(Object(Backpack\Settings\SettingsServiceProvider), 28)
#11 D:\xampp\htdocs\backpackdemo\vendor\laravel\framework\src\Illuminate\Foundation\Application.php(753): array_walk(Array, Object(Closure))
#12 D:\xampp\htdocs\backpackdemo\vendor\laravel\framework\src\Illuminate\Foundation\Bootstrap\BootProviders.php(17): Illuminate\Foundation\Application->boot()
#13 D:\xampp\htdocs\backpackdemo\vendor\laravel\framework\src\Illuminate\Foundation\Application.php(203): Illuminate\Foundation\Bootstrap\BootProviders->bootstrap(Object(Illuminate\Foundation\Application))
#14 D:\xampp\htdocs\backpackdemo\vendor\laravel\framework\src\Illuminate\Foundation\Http\Kernel.php(254): Illuminate\Foundation\Application->bootstrapWith(Array)
#15 D:\xampp\htdocs\backpackdemo\vendor\laravel\framework\src\Illuminate\Foundation\Http\Kernel.php(145): Illuminate\Foundation\Http\Kernel->bootstrap()
#16 D:\xampp\htdocs\backpackdemo\vendor\laravel\framework\src\Illuminate\Foundation\Http\Kernel.php(117): Illuminate\Foundation\Http\Kernel->sendRequestThroughRouter(Object(Illuminate\Http\Request))
#17 D:\xampp\htdocs\backpackdemo\public\index.php(54): Illuminate\Foundation\Http\Kernel->handle(Object(Illuminate\Http\Request))
#18 {main}  
